[debug] [2018-05-04T17:21:43.746Z] ----------------------------------------------------------------------
[debug] [2018-05-04T17:21:43.750Z] Command:       C:\Program Files\nodejs\node.exe C:\Users\sergio.angel\AppData\Roaming\npm\node_modules\firebase-tools\bin\firebase serve
[debug] [2018-05-04T17:21:43.750Z] CLI Version:   3.18.4
[debug] [2018-05-04T17:21:43.750Z] Platform:      win32
[debug] [2018-05-04T17:21:43.750Z] Node Version:  v8.9.4
[debug] [2018-05-04T17:21:43.751Z] Time:          Fri May 04 2018 10:21:43 GMT-0700 (Pacific Daylight Time)
[debug] [2018-05-04T17:21:43.751Z] ----------------------------------------------------------------------
[debug] 
[debug] [2018-05-04T17:21:43.766Z] > command requires scopes: ["email","openid","https://www.googleapis.com/auth/cloudplatformprojects.readonly","https://www.googleapis.com/auth/firebase","https://www.googleapis.com/auth/cloud-platform"]
[debug] [2018-05-04T17:21:43.766Z] > authorizing via signed-in user
[debug] [2018-05-04T17:21:43.769Z] > refreshing access token with scopes: ["email","https://www.googleapis.com/auth/cloud-platform","https://www.googleapis.com/auth/cloudplatformprojects.readonly","https://www.googleapis.com/auth/firebase","openid"]
[debug] [2018-05-04T17:21:43.769Z] >>> HTTP REQUEST POST https://www.googleapis.com/oauth2/v3/token  
 { refresh_token: '1/nLLwZbo6cxlukANcbt7N6W5aO9rQ--Q6dqBD6AinHFGzCb-wb042XAB1l-_XeHS_',
  client_id: '563584335869-fgrhgmd47bqnekij5i8b5pr03ho849e6.apps.googleusercontent.com',
  client_secret: 'j9iVZfS8kkCEFUPaAeJV0sAi',
  grant_type: 'refresh_token',
  scope: 'email https://www.googleapis.com/auth/cloud-platform https://www.googleapis.com/auth/cloudplatformprojects.readonly https://www.googleapis.com/auth/firebase openid' } 
 Fri May 04 2018 10:21:43 GMT-0700 (Pacific Daylight Time)
[debug] [2018-05-04T17:21:44.305Z] <<< HTTP RESPONSE 200
[debug] [2018-05-04T17:21:44.319Z] >>> HTTP REQUEST GET https://admin.firebase.com/v1/projects/sergioangel-9c0d7  
  
 Fri May 04 2018 10:21:44 GMT-0700 (Pacific Daylight Time)
[debug] [2018-05-04T17:21:44.728Z] <<< HTTP RESPONSE 200
[debug] [2018-05-04T17:21:44.730Z] >>> HTTP REQUEST GET https://admin.firebase.com/v1/database/sergioangel-9c0d7/tokens  
  
 Fri May 04 2018 10:21:44 GMT-0700 (Pacific Daylight Time)
[debug] [2018-05-04T17:21:45.286Z] <<< HTTP RESPONSE 200
[debug] [2018-05-04T17:21:45.289Z] >>> HTTP REQUEST GET https://cloudresourcemanager.googleapis.com/v1/projects/sergioangel-9c0d7  
  
 Fri May 04 2018 10:21:45 GMT-0700 (Pacific Daylight Time)
[debug] [2018-05-04T17:21:45.674Z] <<< HTTP RESPONSE 200
[info] 
[info] === Serving from 'C:\Users\sergio.angel\Desktop\portfolioWebsite'...
[info] 
[debug] [2018-05-04T17:21:45.680Z] >>> HTTP REQUEST GET https://mobilesdk-pa.googleapis.com/v1/projects/480110748414/clients/_:getWebAppConfig  
  
 Fri May 04 2018 10:21:45 GMT-0700 (Pacific Daylight Time)
[debug] [2018-05-04T17:21:45.986Z] <<< HTTP RESPONSE 200
[info] i  hosting: Serving hosting files from: public
[info] +  hosting: Local server: http://localhost:5000

[debug] [2018-05-04T18:00:56.008Z] ----------------------------------------------------------------------
[debug] [2018-05-04T18:00:56.008Z] Command:       C:\Program Files\nodejs\node.exe C:\Users\sergio.angel\AppData\Roaming\npm\node_modules\firebase-tools\bin\firebase serve
[debug] [2018-05-04T18:00:56.008Z] CLI Version:   3.18.4
[debug] [2018-05-04T18:00:56.008Z] Platform:      win32
[debug] [2018-05-04T18:00:56.008Z] Node Version:  v8.9.4
[debug] [2018-05-04T18:00:56.008Z] Time:          Fri May 04 2018 11:00:56 GMT-0700 (Pacific Daylight Time)
[debug] [2018-05-04T18:00:56.008Z] ----------------------------------------------------------------------
[debug] 
[debug] [2018-05-04T18:00:56.024Z] > command requires scopes: ["email","openid","https://www.googleapis.com/auth/cloudplatformprojects.readonly","https://www.googleapis.com/auth/firebase","https://www.googleapis.com/auth/cloud-platform"]
[debug] [2018-05-04T18:00:56.024Z] > authorizing via signed-in user
[debug] [2018-05-04T18:00:56.024Z] >>> HTTP REQUEST GET https://admin.firebase.com/v1/projects/sergioangel-9c0d7  
  
 Fri May 04 2018 11:00:56 GMT-0700 (Pacific Daylight Time)
[debug] [2018-05-04T18:00:56.424Z] <<< HTTP RESPONSE 200
[debug] [2018-05-04T18:00:56.424Z] >>> HTTP REQUEST GET https://admin.firebase.com/v1/database/sergioangel-9c0d7/tokens  
  
 Fri May 04 2018 11:00:56 GMT-0700 (Pacific Daylight Time)
[debug] [2018-05-04T18:00:56.794Z] <<< HTTP RESPONSE 200
[debug] [2018-05-04T18:00:56.794Z] >>> HTTP REQUEST GET https://cloudresourcemanager.googleapis.com/v1/projects/sergioangel-9c0d7  
  
 Fri May 04 2018 11:00:56 GMT-0700 (Pacific Daylight Time)
[debug] [2018-05-04T18:00:57.110Z] <<< HTTP RESPONSE 200
[info] 
[info] === Serving from 'C:\Users\sergio.angel\Desktop\portfolioWebsite'...
[info] 
[debug] [2018-05-04T18:00:57.110Z] >>> HTTP REQUEST GET https://mobilesdk-pa.googleapis.com/v1/projects/480110748414/clients/_:getWebAppConfig  
  
 Fri May 04 2018 11:00:57 GMT-0700 (Pacific Daylight Time)
[debug] [2018-05-04T18:00:57.425Z] <<< HTTP RESPONSE 200
[info] i  hosting: Serving hosting files from: public
[info] +  hosting: Local server: http://localhost:5000

[debug] [2018-05-04T20:00:22.247Z] ----------------------------------------------------------------------
[debug] [2018-05-04T20:00:22.247Z] Command:       C:\Program Files\nodejs\node.exe C:\Users\sergio.angel\AppData\Roaming\npm\node_modules\firebase-tools\bin\firebase serve
[debug] [2018-05-04T20:00:22.247Z] CLI Version:   3.18.4
[debug] [2018-05-04T20:00:22.247Z] Platform:      win32
[debug] [2018-05-04T20:00:22.247Z] Node Version:  v8.9.4
[debug] [2018-05-04T20:00:22.247Z] Time:          Fri May 04 2018 13:00:22 GMT-0700 (Pacific Daylight Time)
[debug] [2018-05-04T20:00:22.247Z] ----------------------------------------------------------------------
[debug] 
[debug] [2018-05-04T20:00:22.263Z] > command requires scopes: ["email","openid","https://www.googleapis.com/auth/cloudplatformprojects.readonly","https://www.googleapis.com/auth/firebase","https://www.googleapis.com/auth/cloud-platform"]
[debug] [2018-05-04T20:00:22.263Z] > authorizing via signed-in user
[debug] [2018-05-04T20:00:22.263Z] > refreshing access token with scopes: ["email","https://www.googleapis.com/auth/cloud-platform","https://www.googleapis.com/auth/cloudplatformprojects.readonly","https://www.googleapis.com/auth/firebase","openid"]
[debug] [2018-05-04T20:00:22.263Z] >>> HTTP REQUEST POST https://www.googleapis.com/oauth2/v3/token  
 { refresh_token: '1/nLLwZbo6cxlukANcbt7N6W5aO9rQ--Q6dqBD6AinHFGzCb-wb042XAB1l-_XeHS_',
  client_id: '563584335869-fgrhgmd47bqnekij5i8b5pr03ho849e6.apps.googleusercontent.com',
  client_secret: 'j9iVZfS8kkCEFUPaAeJV0sAi',
  grant_type: 'refresh_token',
  scope: 'email https://www.googleapis.com/auth/cloud-platform https://www.googleapis.com/auth/cloudplatformprojects.readonly https://www.googleapis.com/auth/firebase openid' } 
 Fri May 04 2018 13:00:22 GMT-0700 (Pacific Daylight Time)
[debug] [2018-05-04T20:00:22.451Z] <<< HTTP RESPONSE 200
[debug] [2018-05-04T20:00:22.468Z] >>> HTTP REQUEST GET https://admin.firebase.com/v1/projects/sergioangel-9c0d7  
  
 Fri May 04 2018 13:00:22 GMT-0700 (Pacific Daylight Time)
[debug] [2018-05-04T20:00:22.856Z] <<< HTTP RESPONSE 200
[debug] [2018-05-04T20:00:22.858Z] >>> HTTP REQUEST GET https://admin.firebase.com/v1/database/sergioangel-9c0d7/tokens  
  
 Fri May 04 2018 13:00:22 GMT-0700 (Pacific Daylight Time)
[debug] [2018-05-04T20:00:23.281Z] <<< HTTP RESPONSE 200
[debug] [2018-05-04T20:00:23.283Z] >>> HTTP REQUEST GET https://cloudresourcemanager.googleapis.com/v1/projects/sergioangel-9c0d7  
  
 Fri May 04 2018 13:00:23 GMT-0700 (Pacific Daylight Time)
[debug] [2018-05-04T20:00:23.640Z] <<< HTTP RESPONSE 200
[info] 
[info] === Serving from 'C:\Users\sergio.angel\Desktop\portfolioWebsite'...
[info] 
[debug] [2018-05-04T20:00:23.640Z] >>> HTTP REQUEST GET https://mobilesdk-pa.googleapis.com/v1/projects/480110748414/clients/_:getWebAppConfig  
  
 Fri May 04 2018 13:00:23 GMT-0700 (Pacific Daylight Time)
[debug] [2018-05-04T20:00:23.950Z] <<< HTTP RESPONSE 200
[info] i  hosting: Serving hosting files from: public
[info] +  hosting: Local server: http://localhost:5000

[debug] [2018-05-07T21:36:17.872Z] ----------------------------------------------------------------------
[debug] [2018-05-07T21:36:17.876Z] Command:       C:\Program Files\nodejs\node.exe C:\Users\sergio.angel\AppData\Roaming\npm\node_modules\firebase-tools\bin\firebase serve
[debug] [2018-05-07T21:36:17.876Z] CLI Version:   3.18.4
[debug] [2018-05-07T21:36:17.876Z] Platform:      win32
[debug] [2018-05-07T21:36:17.876Z] Node Version:  v8.9.4
[debug] [2018-05-07T21:36:17.876Z] Time:          Mon May 07 2018 14:36:17 GMT-0700 (Pacific Daylight Time)
[debug] [2018-05-07T21:36:17.876Z] ----------------------------------------------------------------------
[debug] 
[debug] [2018-05-07T21:36:17.894Z] > command requires scopes: ["email","openid","https://www.googleapis.com/auth/cloudplatformprojects.readonly","https://www.googleapis.com/auth/firebase","https://www.googleapis.com/auth/cloud-platform"]
[debug] [2018-05-07T21:36:17.895Z] > authorizing via signed-in user
[debug] [2018-05-07T21:36:17.897Z] > refreshing access token with scopes: ["email","https://www.googleapis.com/auth/cloud-platform","https://www.googleapis.com/auth/cloudplatformprojects.readonly","https://www.googleapis.com/auth/firebase","openid"]
[debug] [2018-05-07T21:36:17.897Z] >>> HTTP REQUEST POST https://www.googleapis.com/oauth2/v3/token  
 { refresh_token: '1/nLLwZbo6cxlukANcbt7N6W5aO9rQ--Q6dqBD6AinHFGzCb-wb042XAB1l-_XeHS_',
  client_id: '563584335869-fgrhgmd47bqnekij5i8b5pr03ho849e6.apps.googleusercontent.com',
  client_secret: 'j9iVZfS8kkCEFUPaAeJV0sAi',
  grant_type: 'refresh_token',
  scope: 'email https://www.googleapis.com/auth/cloud-platform https://www.googleapis.com/auth/cloudplatformprojects.readonly https://www.googleapis.com/auth/firebase openid' } 
 Mon May 07 2018 14:36:17 GMT-0700 (Pacific Daylight Time)
[debug] [2018-05-07T21:36:18.317Z] <<< HTTP RESPONSE 200
[debug] [2018-05-07T21:36:18.326Z] >>> HTTP REQUEST GET https://admin.firebase.com/v1/projects/sergioangel-9c0d7  
  
 Mon May 07 2018 14:36:18 GMT-0700 (Pacific Daylight Time)
[debug] [2018-05-07T21:36:18.707Z] <<< HTTP RESPONSE 200
[debug] [2018-05-07T21:36:18.710Z] >>> HTTP REQUEST GET https://admin.firebase.com/v1/database/sergioangel-9c0d7/tokens  
  
 Mon May 07 2018 14:36:18 GMT-0700 (Pacific Daylight Time)
[debug] [2018-05-07T21:36:19.132Z] <<< HTTP RESPONSE 200
[debug] [2018-05-07T21:36:19.134Z] >>> HTTP REQUEST GET https://cloudresourcemanager.googleapis.com/v1/projects/sergioangel-9c0d7  
  
 Mon May 07 2018 14:36:19 GMT-0700 (Pacific Daylight Time)
[debug] [2018-05-07T21:36:19.495Z] <<< HTTP RESPONSE 200
[info] 
[info] === Serving from 'C:\Users\sergio.angel\Desktop\portfolioWebsite'...
[info] 
[debug] [2018-05-07T21:36:19.497Z] >>> HTTP REQUEST GET https://mobilesdk-pa.googleapis.com/v1/projects/480110748414/clients/_:getWebAppConfig  
  
 Mon May 07 2018 14:36:19 GMT-0700 (Pacific Daylight Time)
[debug] [2018-05-07T21:36:19.777Z] <<< HTTP RESPONSE 200
[info] i  hosting: Serving hosting files from: public
[info] +  hosting: Local server: http://localhost:5000

[debug] [2018-05-07T22:10:50.775Z] ----------------------------------------------------------------------
[debug] [2018-05-07T22:10:50.777Z] Command:       C:\Program Files\nodejs\node.exe C:\Users\sergio.angel\AppData\Roaming\npm\node_modules\firebase-tools\bin\firebase serve
[debug] [2018-05-07T22:10:50.777Z] CLI Version:   3.18.4
[debug] [2018-05-07T22:10:50.777Z] Platform:      win32
[debug] [2018-05-07T22:10:50.777Z] Node Version:  v8.9.4
[debug] [2018-05-07T22:10:50.778Z] Time:          Mon May 07 2018 15:10:50 GMT-0700 (Pacific Daylight Time)
[debug] [2018-05-07T22:10:50.778Z] ----------------------------------------------------------------------
[debug] 
[debug] [2018-05-07T22:10:50.788Z] > command requires scopes: ["email","openid","https://www.googleapis.com/auth/cloudplatformprojects.readonly","https://www.googleapis.com/auth/firebase","https://www.googleapis.com/auth/cloud-platform"]
[debug] [2018-05-07T22:10:50.789Z] > authorizing via signed-in user
[debug] [2018-05-07T22:10:50.791Z] >>> HTTP REQUEST GET https://admin.firebase.com/v1/projects/sergioangel-9c0d7  
  
 Mon May 07 2018 15:10:50 GMT-0700 (Pacific Daylight Time)
[debug] [2018-05-07T22:10:51.181Z] <<< HTTP RESPONSE 200
[debug] [2018-05-07T22:10:51.183Z] >>> HTTP REQUEST GET https://admin.firebase.com/v1/database/sergioangel-9c0d7/tokens  
  
 Mon May 07 2018 15:10:51 GMT-0700 (Pacific Daylight Time)
[debug] [2018-05-07T22:10:51.554Z] <<< HTTP RESPONSE 200
[debug] [2018-05-07T22:10:51.556Z] >>> HTTP REQUEST GET https://cloudresourcemanager.googleapis.com/v1/projects/sergioangel-9c0d7  
  
 Mon May 07 2018 15:10:51 GMT-0700 (Pacific Daylight Time)
[debug] [2018-05-07T22:10:51.923Z] <<< HTTP RESPONSE 200
[info] 
[info] === Serving from 'C:\Users\sergio.angel\Desktop\portfolioWebsite'...
[info] 
[debug] [2018-05-07T22:10:51.927Z] >>> HTTP REQUEST GET https://mobilesdk-pa.googleapis.com/v1/projects/480110748414/clients/_:getWebAppConfig  
  
 Mon May 07 2018 15:10:51 GMT-0700 (Pacific Daylight Time)
[debug] [2018-05-07T22:10:52.418Z] <<< HTTP RESPONSE 200
[info] i  hosting: Serving hosting files from: public
[info] +  hosting: Local server: http://localhost:5000

[debug] [2018-05-08T00:29:01.423Z] ----------------------------------------------------------------------
[debug] [2018-05-08T00:29:01.423Z] Command:       C:\Program Files\nodejs\node.exe C:\Users\sergio.angel\AppData\Roaming\npm\node_modules\firebase-tools\bin\firebase serve
[debug] [2018-05-08T00:29:01.423Z] CLI Version:   3.18.4
[debug] [2018-05-08T00:29:01.423Z] Platform:      win32
[debug] [2018-05-08T00:29:01.423Z] Node Version:  v8.9.4
[debug] [2018-05-08T00:29:01.439Z] Time:          Mon May 07 2018 17:29:01 GMT-0700 (Pacific Daylight Time)
[debug] [2018-05-08T00:29:01.439Z] ----------------------------------------------------------------------
[debug] 
[debug] [2018-05-08T00:29:01.439Z] > command requires scopes: ["email","openid","https://www.googleapis.com/auth/cloudplatformprojects.readonly","https://www.googleapis.com/auth/firebase","https://www.googleapis.com/auth/cloud-platform"]
[debug] [2018-05-08T00:29:01.439Z] > authorizing via signed-in user
[debug] [2018-05-08T00:29:01.454Z] > refreshing access token with scopes: ["email","https://www.googleapis.com/auth/cloud-platform","https://www.googleapis.com/auth/cloudplatformprojects.readonly","https://www.googleapis.com/auth/firebase","openid"]
[debug] [2018-05-08T00:29:01.454Z] >>> HTTP REQUEST POST https://www.googleapis.com/oauth2/v3/token  
 { refresh_token: '1/nLLwZbo6cxlukANcbt7N6W5aO9rQ--Q6dqBD6AinHFGzCb-wb042XAB1l-_XeHS_',
  client_id: '563584335869-fgrhgmd47bqnekij5i8b5pr03ho849e6.apps.googleusercontent.com',
  client_secret: 'j9iVZfS8kkCEFUPaAeJV0sAi',
  grant_type: 'refresh_token',
  scope: 'email https://www.googleapis.com/auth/cloud-platform https://www.googleapis.com/auth/cloudplatformprojects.readonly https://www.googleapis.com/auth/firebase openid' } 
 Mon May 07 2018 17:29:01 GMT-0700 (Pacific Daylight Time)
[debug] [2018-05-08T00:29:01.685Z] <<< HTTP RESPONSE 200
[debug] [2018-05-08T00:29:01.700Z] >>> HTTP REQUEST GET https://admin.firebase.com/v1/projects/sergioangel-9c0d7  
  
 Mon May 07 2018 17:29:01 GMT-0700 (Pacific Daylight Time)
[debug] [2018-05-08T00:29:02.247Z] <<< HTTP RESPONSE 200
[debug] [2018-05-08T00:29:02.247Z] >>> HTTP REQUEST GET https://admin.firebase.com/v1/database/sergioangel-9c0d7/tokens  
  
 Mon May 07 2018 17:29:02 GMT-0700 (Pacific Daylight Time)
[debug] [2018-05-08T00:29:02.763Z] <<< HTTP RESPONSE 200
[debug] [2018-05-08T00:29:02.763Z] >>> HTTP REQUEST GET https://cloudresourcemanager.googleapis.com/v1/projects/sergioangel-9c0d7  
  
 Mon May 07 2018 17:29:02 GMT-0700 (Pacific Daylight Time)
[debug] [2018-05-08T00:29:03.185Z] <<< HTTP RESPONSE 200
[info] 
[info] === Serving from 'C:\Users\sergio.angel\Desktop\portfolioWebsite'...
[info] 
[debug] [2018-05-08T00:29:03.201Z] >>> HTTP REQUEST GET https://mobilesdk-pa.googleapis.com/v1/projects/480110748414/clients/_:getWebAppConfig  
  
 Mon May 07 2018 17:29:03 GMT-0700 (Pacific Daylight Time)
[debug] [2018-05-08T00:29:03.513Z] <<< HTTP RESPONSE 200
[info] i  hosting: Serving hosting files from: public
[info] +  hosting: Local server: http://localhost:5000

